{"contracts/mocks/RelevantTokenMock.sol":{"l":{"14":0,"21":0,"22":0,"39":0,"40":0,"41":0,"42":0,"43":0,"44":0,"45":0,"46":0,"48":0,"55":0,"56":0},"path":"/Users/slavab/local/token/contracts/mocks/RelevantTokenMock.sol","s":{"1":0,"2":0,"3":0,"4":0,"5":0,"6":0,"7":0,"8":0,"9":0,"10":0,"11":0,"12":0,"13":0,"14":0},"b":{"1":[0,0]},"f":{"1":0,"2":0,"3":0,"4":0},"fnMap":{"1":{"name":"roundNum","line":12,"loc":{"start":{"line":12,"column":2},"end":{"line":15,"column":2}}},"2":{"name":"setRoundNum","line":20,"loc":{"start":{"line":20,"column":2},"end":{"line":23,"column":2}}},"3":{"name":"setLastRound","line":36,"loc":{"start":{"line":28,"column":2},"end":{"line":49,"column":2}}},"4":{"name":"emptyDevBalance","line":54,"loc":{"start":{"line":54,"column":2},"end":{"line":57,"column":2}}}},"statementMap":{"1":{"start":{"line":14,"column":4},"end":{"line":14,"column":23}},"2":{"start":{"line":21,"column":4},"end":{"line":21,"column":27}},"3":{"start":{"line":22,"column":4},"end":{"line":22,"column":23}},"4":{"start":{"line":39,"column":4},"end":{"line":39,"column":81}},"5":{"start":{"line":40,"column":4},"end":{"line":40,"column":24}},"6":{"start":{"line":41,"column":4},"end":{"line":41,"column":37}},"7":{"start":{"line":42,"column":4},"end":{"line":42,"column":33}},"8":{"start":{"line":43,"column":4},"end":{"line":43,"column":42}},"9":{"start":{"line":44,"column":4},"end":{"line":44,"column":31}},"10":{"start":{"line":45,"column":4},"end":{"line":45,"column":39}},"11":{"start":{"line":46,"column":4},"end":{"line":46,"column":43}},"12":{"start":{"line":48,"column":4},"end":{"line":48,"column":20}},"13":{"start":{"line":55,"column":4},"end":{"line":55,"column":47}},"14":{"start":{"line":56,"column":4},"end":{"line":56,"column":64}}},"branchMap":{"1":{"line":39,"type":"if","locations":[{"start":{"line":39,"column":4},"end":{"line":39,"column":4}},{"start":{"line":39,"column":4},"end":{"line":39,"column":4}}]}}},"contracts/mocks/RelevantTokenV3Mock.sol":{"l":{"7":5,"8":5,"9":5,"10":5,"11":5,"12":5},"path":"/Users/slavab/local/token/contracts/mocks/RelevantTokenV3Mock.sol","s":{"1":5,"2":5,"3":5,"4":5,"5":5,"6":5},"b":{},"f":{"1":5},"fnMap":{"1":{"name":"initialize","line":6,"loc":{"start":{"line":6,"column":1},"end":{"line":13,"column":2}}}},"statementMap":{"1":{"start":{"line":7,"column":4},"end":{"line":7,"column":33}},"2":{"start":{"line":8,"column":4},"end":{"line":8,"column":34}},"3":{"start":{"line":9,"column":4},"end":{"line":9,"column":30}},"4":{"start":{"line":10,"column":4},"end":{"line":10,"column":17}},"5":{"start":{"line":11,"column":4},"end":{"line":11,"column":20}},"6":{"start":{"line":12,"column":4},"end":{"line":12,"column":16}}},"branchMap":{}},"contracts/RelevantTokenV2.sol":{"l":{"80":0,"81":0,"83":0,"84":0,"85":0,"86":0,"87":0,"88":0,"89":0,"90":0,"91":0,"92":0,"93":0,"95":0,"96":0,"97":0,"98":0,"99":0,"100":0,"109":0,"110":0,"111":0,"112":0,"113":0,"120":0,"121":0,"128":0,"129":0,"130":0,"131":0,"133":0,"135":0,"136":0,"137":0,"140":0,"142":0,"145":0,"146":0,"147":0,"148":0,"152":0,"154":0,"155":0,"156":0,"157":0,"158":0,"167":0,"168":0,"169":0,"170":0,"171":0,"172":0,"174":0,"182":0,"184":0,"185":0,"187":0,"189":0,"190":0,"191":0,"192":0,"193":0,"201":0,"208":0,"209":0,"217":0,"218":0,"219":0,"220":0,"228":0,"229":0,"230":0,"231":0,"232":0,"233":0,"235":0,"236":0,"238":0,"240":0,"241":0,"242":0,"243":0,"246":0,"248":0,"249":0,"269":0,"270":0,"271":0,"272":0,"280":0,"281":0,"282":0,"283":0,"291":0,"292":0,"293":0,"294":0,"304":0,"305":0,"306":0,"309":0,"310":0,"311":0,"312":0,"313":0,"314":0,"323":0,"330":0,"337":0},"path":"/Users/slavab/local/token/contracts/RelevantTokenV2.sol","s":{"1":0,"2":0,"3":0,"4":0,"5":0,"6":0,"7":0,"8":0,"9":0,"10":0,"11":0,"12":0,"13":0,"14":0,"15":0,"16":0,"17":0,"18":0,"19":0,"20":0,"21":0,"22":0,"23":0,"24":0,"25":0,"26":0,"27":0,"28":0,"29":0,"30":0,"31":0,"32":0,"33":0,"34":0,"35":0,"36":0,"37":0,"38":0,"39":0,"40":0,"41":0,"42":0,"43":0,"44":0,"45":0,"46":0,"47":0,"48":0,"49":0,"50":0,"51":0,"52":0,"53":0,"54":0,"55":0,"56":0,"57":0,"58":0,"59":0,"60":0,"61":0,"62":0,"63":0,"64":0,"65":0,"66":0,"67":0,"68":0,"69":0,"70":0,"71":0,"72":0,"73":0,"74":0,"75":0,"76":0,"77":0,"78":0,"79":0,"80":0,"81":0,"82":0,"83":0,"84":0,"85":0,"86":0,"87":0,"88":0,"89":0,"90":0,"91":0,"92":0,"93":0,"94":0,"95":0,"96":0,"97":0,"98":0,"99":0,"100":0,"101":0,"102":0,"103":0,"104":0,"105":0,"106":0,"107":0,"108":0,"109":0},"b":{"1":[0,0],"2":[0,0],"3":[0,0],"4":[0,0],"5":[0,0],"6":[0,0],"7":[0,0],"8":[0,0],"9":[0,0],"10":[0,0],"11":[0,0],"12":[0,0],"13":[0,0]},"f":{"1":0,"2":0,"3":0,"4":0,"5":0,"6":0,"7":0,"8":0,"9":0,"10":0,"11":0,"12":0,"13":0,"14":0,"15":0,"16":0},"fnMap":{"1":{"name":"initialize","line":78,"loc":{"start":{"line":64,"column":2},"end":{"line":101,"column":2}}},"2":{"name":"initializeRewardSplit","line":108,"loc":{"start":{"line":108,"column":2},"end":{"line":114,"column":2}}},"3":{"name":"preMintTokens","line":119,"loc":{"start":{"line":119,"column":2},"end":{"line":122,"column":2}}},"4":{"name":"releaseTokens","line":127,"loc":{"start":{"line":127,"column":2},"end":{"line":159,"column":2}}},"5":{"name":"newTokensForConstantPhase","line":166,"loc":{"start":{"line":166,"column":2},"end":{"line":175,"column":2}}},"6":{"name":"newTokensForDecayPhase","line":181,"loc":{"start":{"line":181,"column":2},"end":{"line":202,"column":2}}},"7":{"name":"newTokensForCrossingDecay","line":207,"loc":{"start":{"line":207,"column":2},"end":{"line":210,"column":2}}},"8":{"name":"newTokensForCrossingConst","line":216,"loc":{"start":{"line":216,"column":2},"end":{"line":221,"column":2}}},"9":{"name":"splitRewards","line":227,"loc":{"start":{"line":227,"column":2},"end":{"line":252,"column":2}}},"10":{"name":"toDevFund","line":268,"loc":{"start":{"line":268,"column":2},"end":{"line":273,"column":2}}},"11":{"name":"allocateRewards","line":279,"loc":{"start":{"line":279,"column":2},"end":{"line":284,"column":2}}},"12":{"name":"allocateAirdrops","line":290,"loc":{"start":{"line":290,"column":2},"end":{"line":295,"column":2}}},"13":{"name":"claimTokens","line":302,"loc":{"start":{"line":302,"column":2},"end":{"line":315,"column":2}}},"14":{"name":"nonceOf","line":322,"loc":{"start":{"line":322,"column":2},"end":{"line":324,"column":2}}},"15":{"name":"roundNum","line":329,"loc":{"start":{"line":329,"column":2},"end":{"line":331,"column":2}}},"16":{"name":"roundsSincleLast","line":336,"loc":{"start":{"line":336,"column":2},"end":{"line":338,"column":2}}}},"statementMap":{"1":{"start":{"line":80,"column":4},"end":{"line":80,"column":33}},"2":{"start":{"line":81,"column":4},"end":{"line":81,"column":39}},"3":{"start":{"line":83,"column":4},"end":{"line":83,"column":15}},"4":{"start":{"line":84,"column":4},"end":{"line":84,"column":23}},"5":{"start":{"line":85,"column":4},"end":{"line":85,"column":19}},"6":{"start":{"line":86,"column":4},"end":{"line":86,"column":21}},"7":{"start":{"line":87,"column":4},"end":{"line":87,"column":35}},"8":{"start":{"line":88,"column":4},"end":{"line":88,"column":37}},"9":{"start":{"line":89,"column":4},"end":{"line":89,"column":31}},"10":{"start":{"line":90,"column":4},"end":{"line":90,"column":37}},"11":{"start":{"line":91,"column":4},"end":{"line":91,"column":29}},"12":{"start":{"line":92,"column":4},"end":{"line":92,"column":29}},"13":{"start":{"line":93,"column":4},"end":{"line":93,"column":27}},"14":{"start":{"line":95,"column":4},"end":{"line":95,"column":28}},"15":{"start":{"line":96,"column":4},"end":{"line":96,"column":36}},"16":{"start":{"line":97,"column":4},"end":{"line":97,"column":16}},"17":{"start":{"line":98,"column":4},"end":{"line":98,"column":36}},"18":{"start":{"line":99,"column":4},"end":{"line":99,"column":31}},"19":{"start":{"line":100,"column":4},"end":{"line":100,"column":31}},"20":{"start":{"line":109,"column":4},"end":{"line":109,"column":134}},"21":{"start":{"line":110,"column":4},"end":{"line":110,"column":37}},"22":{"start":{"line":111,"column":4},"end":{"line":111,"column":43}},"23":{"start":{"line":112,"column":4},"end":{"line":112,"column":41}},"24":{"start":{"line":113,"column":4},"end":{"line":113,"column":38}},"25":{"start":{"line":120,"column":4},"end":{"line":120,"column":35}},"26":{"start":{"line":121,"column":4},"end":{"line":121,"column":15}},"27":{"start":{"line":128,"column":4},"end":{"line":128,"column":28}},"28":{"start":{"line":129,"column":4},"end":{"line":129,"column":37}},"29":{"start":{"line":130,"column":4},"end":{"line":130,"column":64}},"30":{"start":{"line":131,"column":4},"end":{"line":131,"column":54}},"31":{"start":{"line":133,"column":4},"end":{"line":133,"column":6862}},"32":{"start":{"line":135,"column":6},"end":{"line":135,"column":46}},"33":{"start":{"line":136,"column":6},"end":{"line":136,"column":81}},"34":{"start":{"line":137,"column":6},"end":{"line":137,"column":42}},"35":{"start":{"line":140,"column":6},"end":{"line":140,"column":7263}},"36":{"start":{"line":142,"column":8},"end":{"line":142,"column":62}},"37":{"start":{"line":145,"column":8},"end":{"line":145,"column":65}},"38":{"start":{"line":146,"column":8},"end":{"line":146,"column":77}},"39":{"start":{"line":147,"column":8},"end":{"line":147,"column":70}},"40":{"start":{"line":148,"column":8},"end":{"line":148,"column":47}},"41":{"start":{"line":152,"column":4},"end":{"line":152,"column":61}},"42":{"start":{"line":154,"column":4},"end":{"line":154,"column":27}},"43":{"start":{"line":155,"column":4},"end":{"line":155,"column":54}},"44":{"start":{"line":156,"column":4},"end":{"line":156,"column":14}},"45":{"start":{"line":157,"column":4},"end":{"line":157,"column":77}},"46":{"start":{"line":158,"column":4},"end":{"line":158,"column":15}},"47":{"start":{"line":167,"column":4},"end":{"line":167,"column":38}},"48":{"start":{"line":168,"column":4},"end":{"line":168,"column":28}},"49":{"start":{"line":169,"column":4},"end":{"line":169,"column":8790}},"50":{"start":{"line":170,"column":6},"end":{"line":170,"column":93}},"51":{"start":{"line":171,"column":6},"end":{"line":171,"column":63}},"52":{"start":{"line":172,"column":6},"end":{"line":172,"column":53}},"53":{"start":{"line":174,"column":4},"end":{"line":174,"column":27}},"54":{"start":{"line":182,"column":4},"end":{"line":182,"column":28}},"55":{"start":{"line":184,"column":4},"end":{"line":184,"column":9456}},"56":{"start":{"line":185,"column":6},"end":{"line":185,"column":39}},"57":{"start":{"line":187,"column":4},"end":{"line":187,"column":9530}},"58":{"start":{"line":189,"column":6},"end":{"line":189,"column":25}},"59":{"start":{"line":190,"column":6},"end":{"line":190,"column":9842}},"60":{"start":{"line":191,"column":8},"end":{"line":191,"column":79}},"61":{"start":{"line":192,"column":8},"end":{"line":192,"column":59}},"62":{"start":{"line":193,"column":8},"end":{"line":193,"column":36}},"63":{"start":{"line":201,"column":4},"end":{"line":201,"column":27}},"64":{"start":{"line":208,"column":4},"end":{"line":208,"column":70}},"65":{"start":{"line":209,"column":4},"end":{"line":209,"column":35}},"66":{"start":{"line":217,"column":4},"end":{"line":217,"column":48}},"67":{"start":{"line":218,"column":4},"end":{"line":218,"column":77}},"68":{"start":{"line":219,"column":4},"end":{"line":219,"column":100}},"69":{"start":{"line":220,"column":4},"end":{"line":220,"column":21}},"70":{"start":{"line":228,"column":4},"end":{"line":228,"column":57}},"71":{"start":{"line":229,"column":4},"end":{"line":229,"column":66}},"72":{"start":{"line":230,"column":4},"end":{"line":230,"column":11854}},"73":{"start":{"line":231,"column":6},"end":{"line":231,"column":54}},"74":{"start":{"line":232,"column":6},"end":{"line":232,"column":52}},"75":{"start":{"line":233,"column":6},"end":{"line":233,"column":54}},"76":{"start":{"line":235,"column":6},"end":{"line":235,"column":22}},"77":{"start":{"line":236,"column":6},"end":{"line":236,"column":26}},"78":{"start":{"line":238,"column":6},"end":{"line":238,"column":125}},"79":{"start":{"line":240,"column":6},"end":{"line":240,"column":12322}},"80":{"start":{"line":241,"column":8},"end":{"line":241,"column":88}},"81":{"start":{"line":242,"column":8},"end":{"line":242,"column":44}},"82":{"start":{"line":243,"column":8},"end":{"line":243,"column":38}},"83":{"start":{"line":246,"column":6},"end":{"line":246,"column":44}},"84":{"start":{"line":248,"column":6},"end":{"line":248,"column":68}},"85":{"start":{"line":249,"column":6},"end":{"line":249,"column":70}},"86":{"start":{"line":269,"column":4},"end":{"line":269,"column":36}},"87":{"start":{"line":270,"column":4},"end":{"line":270,"column":22}},"88":{"start":{"line":271,"column":4},"end":{"line":271,"column":86}},"89":{"start":{"line":272,"column":4},"end":{"line":272,"column":15}},"90":{"start":{"line":280,"column":4},"end":{"line":280,"column":75}},"91":{"start":{"line":281,"column":4},"end":{"line":281,"column":40}},"92":{"start":{"line":282,"column":4},"end":{"line":282,"column":52}},"93":{"start":{"line":283,"column":4},"end":{"line":283,"column":15}},"94":{"start":{"line":291,"column":4},"end":{"line":291,"column":75}},"95":{"start":{"line":292,"column":4},"end":{"line":292,"column":42}},"96":{"start":{"line":293,"column":4},"end":{"line":293,"column":54}},"97":{"start":{"line":294,"column":4},"end":{"line":294,"column":15}},"98":{"start":{"line":304,"column":4},"end":{"line":304,"column":73}},"99":{"start":{"line":305,"column":4},"end":{"line":305,"column":87}},"100":{"start":{"line":306,"column":4},"end":{"line":306,"column":79}},"101":{"start":{"line":309,"column":4},"end":{"line":309,"column":48}},"102":{"start":{"line":310,"column":4},"end":{"line":310,"column":55}},"103":{"start":{"line":311,"column":4},"end":{"line":311,"column":26}},"104":{"start":{"line":312,"column":4},"end":{"line":312,"column":51}},"105":{"start":{"line":313,"column":4},"end":{"line":313,"column":77}},"106":{"start":{"line":314,"column":4},"end":{"line":314,"column":15}},"107":{"start":{"line":323,"column":4},"end":{"line":323,"column":27}},"108":{"start":{"line":330,"column":4},"end":{"line":330,"column":58}},"109":{"start":{"line":337,"column":4},"end":{"line":337,"column":33}}},"branchMap":{"1":{"line":109,"type":"if","locations":[{"start":{"line":109,"column":4},"end":{"line":109,"column":4}},{"start":{"line":109,"column":4},"end":{"line":109,"column":4}}]},"2":{"line":130,"type":"if","locations":[{"start":{"line":130,"column":4},"end":{"line":130,"column":4}},{"start":{"line":130,"column":4},"end":{"line":130,"column":4}}]},"3":{"line":133,"type":"if","locations":[{"start":{"line":133,"column":4},"end":{"line":133,"column":4}},{"start":{"line":133,"column":4},"end":{"line":133,"column":4}}]},"4":{"line":140,"type":"if","locations":[{"start":{"line":140,"column":6},"end":{"line":140,"column":6}},{"start":{"line":140,"column":6},"end":{"line":140,"column":6}}]},"5":{"line":184,"type":"if","locations":[{"start":{"line":184,"column":4},"end":{"line":184,"column":4}},{"start":{"line":184,"column":4},"end":{"line":184,"column":4}}]},"6":{"line":187,"type":"if","locations":[{"start":{"line":187,"column":4},"end":{"line":187,"column":4}},{"start":{"line":187,"column":4},"end":{"line":187,"column":4}}]},"7":{"line":230,"type":"if","locations":[{"start":{"line":230,"column":4},"end":{"line":230,"column":4}},{"start":{"line":230,"column":4},"end":{"line":230,"column":4}}]},"8":{"line":271,"type":"if","locations":[{"start":{"line":271,"column":4},"end":{"line":271,"column":4}},{"start":{"line":271,"column":4},"end":{"line":271,"column":4}}]},"9":{"line":280,"type":"if","locations":[{"start":{"line":280,"column":4},"end":{"line":280,"column":4}},{"start":{"line":280,"column":4},"end":{"line":280,"column":4}}]},"10":{"line":291,"type":"if","locations":[{"start":{"line":291,"column":4},"end":{"line":291,"column":4}},{"start":{"line":291,"column":4},"end":{"line":291,"column":4}}]},"11":{"line":304,"type":"if","locations":[{"start":{"line":304,"column":4},"end":{"line":304,"column":4}},{"start":{"line":304,"column":4},"end":{"line":304,"column":4}}]},"12":{"line":310,"type":"if","locations":[{"start":{"line":310,"column":4},"end":{"line":310,"column":4}},{"start":{"line":310,"column":4},"end":{"line":310,"column":4}}]},"13":{"line":313,"type":"if","locations":[{"start":{"line":313,"column":4},"end":{"line":313,"column":4}},{"start":{"line":313,"column":4},"end":{"line":313,"column":4}}]}}},"contracts/RelevantTokenV3.sol":{"l":{"44":0,"45":0,"46":0,"47":0,"48":0,"50":0,"57":0,"64":0,"71":0,"72":0,"79":0,"80":0,"86":0,"87":0,"88":0,"95":5,"96":0,"97":0,"98":0,"100":0,"101":0,"103":0,"107":0,"108":0,"109":0,"111":0,"113":0,"114":0,"123":0,"124":0,"125":0,"128":0,"129":0,"130":0,"131":0,"132":0,"141":0},"path":"/Users/slavab/local/token/contracts/RelevantTokenV3.sol","s":{"1":0,"2":0,"3":0,"4":0,"5":0,"6":0,"7":0,"8":0,"9":0,"10":0,"11":0,"12":0,"13":0,"14":0,"15":0,"16":5,"17":0,"18":0,"19":0,"20":0,"21":0,"22":0,"23":0,"24":0,"25":0,"26":0,"27":0,"28":0,"29":0,"30":0,"31":0,"32":0,"33":0,"34":0,"35":0,"36":0,"37":0},"b":{"1":[0,0],"2":[0,0],"3":[0,0],"4":[0,0],"5":[0,5],"6":[0,0],"7":[0,0],"8":[0,0],"9":[0,0],"10":[0,0]},"f":{"1":0,"2":0,"3":0,"4":0,"5":0,"6":0,"7":5,"8":0,"9":0},"fnMap":{"1":{"name":"initV3","line":43,"loc":{"start":{"line":43,"column":2},"end":{"line":51,"column":2}}},"2":{"name":"setInflation","line":56,"loc":{"start":{"line":56,"column":2},"end":{"line":58,"column":2}}},"3":{"name":"setAdmin","line":63,"loc":{"start":{"line":63,"column":2},"end":{"line":65,"column":2}}},"4":{"name":"burn","line":70,"loc":{"start":{"line":70,"column":2},"end":{"line":73,"column":2}}},"5":{"name":"updateAllocatedRewards","line":78,"loc":{"start":{"line":78,"column":2},"end":{"line":81,"column":2}}},"6":{"name":"vestAllocatedTokens","line":85,"loc":{"start":{"line":85,"column":2},"end":{"line":89,"column":2}}},"7":{"name":"releaseTokens","line":94,"loc":{"start":{"line":94,"column":2},"end":{"line":115,"column":2}}},"8":{"name":"claimTokens","line":122,"loc":{"start":{"line":122,"column":2},"end":{"line":133,"column":2}}},"9":{"name":"nonceOf","line":140,"loc":{"start":{"line":140,"column":2},"end":{"line":142,"column":2}}}},"statementMap":{"1":{"start":{"line":44,"column":4},"end":{"line":44,"column":89}},"2":{"start":{"line":45,"column":4},"end":{"line":45,"column":31}},"3":{"start":{"line":46,"column":4},"end":{"line":46,"column":17}},"4":{"start":{"line":47,"column":4},"end":{"line":47,"column":23}},"5":{"start":{"line":48,"column":4},"end":{"line":48,"column":17}},"6":{"start":{"line":50,"column":4},"end":{"line":50,"column":16}},"7":{"start":{"line":57,"column":4},"end":{"line":57,"column":25}},"8":{"start":{"line":64,"column":4},"end":{"line":64,"column":17}},"9":{"start":{"line":71,"column":4},"end":{"line":71,"column":110}},"10":{"start":{"line":72,"column":4},"end":{"line":72,"column":31}},"11":{"start":{"line":79,"column":4},"end":{"line":79,"column":115}},"12":{"start":{"line":80,"column":4},"end":{"line":80,"column":41}},"13":{"start":{"line":86,"column":4},"end":{"line":86,"column":94}},"14":{"start":{"line":87,"column":4},"end":{"line":87,"column":52}},"15":{"start":{"line":88,"column":4},"end":{"line":88,"column":50}},"16":{"start":{"line":95,"column":4},"end":{"line":95,"column":84}},"17":{"start":{"line":96,"column":4},"end":{"line":96,"column":70}},"18":{"start":{"line":97,"column":4},"end":{"line":97,"column":75}},"19":{"start":{"line":98,"column":4},"end":{"line":98,"column":81}},"20":{"start":{"line":100,"column":4},"end":{"line":100,"column":103}},"21":{"start":{"line":101,"column":4},"end":{"line":101,"column":56}},"22":{"start":{"line":103,"column":4},"end":{"line":103,"column":46}},"23":{"start":{"line":107,"column":4},"end":{"line":107,"column":3807}},"24":{"start":{"line":108,"column":6},"end":{"line":108,"column":56}},"25":{"start":{"line":109,"column":6},"end":{"line":109,"column":37}},"26":{"start":{"line":111,"column":4},"end":{"line":111,"column":31}},"27":{"start":{"line":113,"column":4},"end":{"line":113,"column":47}},"28":{"start":{"line":114,"column":4},"end":{"line":114,"column":15}},"29":{"start":{"line":123,"column":4},"end":{"line":123,"column":94}},"30":{"start":{"line":124,"column":4},"end":{"line":124,"column":86}},"31":{"start":{"line":125,"column":4},"end":{"line":125,"column":79}},"32":{"start":{"line":128,"column":4},"end":{"line":128,"column":51}},"33":{"start":{"line":129,"column":4},"end":{"line":129,"column":61}},"34":{"start":{"line":130,"column":4},"end":{"line":130,"column":26}},"35":{"start":{"line":131,"column":4},"end":{"line":131,"column":50}},"36":{"start":{"line":132,"column":4},"end":{"line":132,"column":36}},"37":{"start":{"line":141,"column":4},"end":{"line":141,"column":26}}},"branchMap":{"1":{"line":44,"type":"if","locations":[{"start":{"line":44,"column":4},"end":{"line":44,"column":4}},{"start":{"line":44,"column":4},"end":{"line":44,"column":4}}]},"2":{"line":71,"type":"if","locations":[{"start":{"line":71,"column":4},"end":{"line":71,"column":4}},{"start":{"line":71,"column":4},"end":{"line":71,"column":4}}]},"3":{"line":79,"type":"if","locations":[{"start":{"line":79,"column":4},"end":{"line":79,"column":4}},{"start":{"line":79,"column":4},"end":{"line":79,"column":4}}]},"4":{"line":86,"type":"if","locations":[{"start":{"line":86,"column":4},"end":{"line":86,"column":4}},{"start":{"line":86,"column":4},"end":{"line":86,"column":4}}]},"5":{"line":95,"type":"if","locations":[{"start":{"line":95,"column":4},"end":{"line":95,"column":4}},{"start":{"line":95,"column":4},"end":{"line":95,"column":4}}]},"6":{"line":96,"type":"if","locations":[{"start":{"line":96,"column":4},"end":{"line":96,"column":4}},{"start":{"line":96,"column":4},"end":{"line":96,"column":4}}]},"7":{"line":98,"type":"if","locations":[{"start":{"line":98,"column":4},"end":{"line":98,"column":4}},{"start":{"line":98,"column":4},"end":{"line":98,"column":4}}]},"8":{"line":107,"type":"if","locations":[{"start":{"line":107,"column":4},"end":{"line":107,"column":4}},{"start":{"line":107,"column":4},"end":{"line":107,"column":4}}]},"9":{"line":123,"type":"if","locations":[{"start":{"line":123,"column":4},"end":{"line":123,"column":4}},{"start":{"line":123,"column":4},"end":{"line":123,"column":4}}]},"10":{"line":129,"type":"if","locations":[{"start":{"line":129,"column":4},"end":{"line":129,"column":4}},{"start":{"line":129,"column":4},"end":{"line":129,"column":4}}]}}}}